{"timestamp": "2025-10-18T02:45:00.895706", "session_id": "9dce6ed5-f161-484a-8460-4867560ca554", "database": "master", "query": "-- Write your SQL query here\nSELECT @@VERSION AS [SQL Server Version]", "success": true, "execution_time": 0.062, "row_count": 1, "error": null}
{"timestamp": "2025-10-18T02:47:32.136226", "session_id": "d3f40e07-a84b-41ac-8f40-4dc98fd94423", "database": "AdventureWorks2022", "query": "-- Write your SQL query here\nSELECT @@VERSION AS [SQL Server Version]", "success": true, "execution_time": 0.023, "row_count": 1, "error": null}
{"timestamp": "2025-10-18T02:47:45.152718", "session_id": "6db6c837-83d7-4dd4-94c2-592cafada621", "database": "AdventureWorks2022", "query": "SELECT TOP 100 * FROM [HumanResources].[Department]", "success": true, "execution_time": 0.028, "row_count": 16, "error": null}
{"timestamp": "2025-10-18T02:47:54.597352", "session_id": "9288b610-a77f-4bb0-8859-a118095df0e2", "database": "AdventureWorks2022", "query": "SELECT TOP 100 * FROM [HumanResources].[EmployeeDepartmentHistory]", "success": true, "execution_time": 0.034, "row_count": 100, "error": null}
{"timestamp": "2025-10-18T02:49:24.825339", "session_id": "42e84c3e-0d17-4cc4-805f-05cb169f4e6b", "database": "sales", "query": "SELECT TOP 100 * FROM [dbo].[ChannelDim]", "success": true, "execution_time": 0.03, "row_count": 4, "error": null}
{"timestamp": "2025-10-18T02:49:53.079662", "session_id": "53c15a0e-b03f-43a4-b490-eafbd4cff0e0", "database": "sales", "query": "SELECT * FROM [dbo].[ChannelDim]", "success": true, "execution_time": 0.006, "row_count": 4, "error": null}
{"timestamp": "2025-10-18T03:10:50.047255", "session_id": "a770974e-9a78-4ae6-92e7-966442efb6e2", "database": "master", "query": "-- Write your SQL query here\nSELECT @@VERSION AS [SQL Server Version]", "success": true, "execution_time": 0.06, "row_count": 1, "error": null}
{"timestamp": "2025-10-18T03:11:14.880965", "session_id": "a0a9fc9c-1e71-4ab6-b259-e13ccd0e6c57", "database": "sandbox_3e94a65e", "query": "[dbo].[MyFriends][dbo].[MyFriends]$0", "success": false, "execution_time": 0.055, "row_count": 0, "error": "('42000', \"[42000] [Microsoft][ODBC Driver 17 for SQL Server][SQL Server]Incorrect syntax near '.'. (102) (SQLExecDirectW)\")"}
{"timestamp": "2025-10-18T03:11:28.340029", "session_id": "dcb92501-98d0-49cf-8a1c-d8342f9483d0", "database": "sandbox_3e94a65e", "query": "SELECT * FROM [dbo].[MyFriends][dbo].[MyFriends]$0", "success": false, "execution_time": 0.006, "row_count": 0, "error": "('42000', \"[42000] [Microsoft][ODBC Driver 17 for SQL Server][SQL Server]Incorrect syntax near '.'. (102) (SQLExecDirectW)\")"}
{"timestamp": "2025-10-18T03:13:57.465624", "session_id": "2ae50c2d-83fc-45d7-92e3-92303c651aa0", "database": "master", "query": "-- Write your SQL query here\nSELECT @@VERSION AS [SQL Server Version]", "success": true, "execution_time": 0.043, "row_count": 1, "error": null}
{"timestamp": "2025-10-18T03:14:19.754799", "session_id": "cd8a9052-db4f-4c6e-9c27-506008b4ba74", "database": "ITI", "query": "SELECT * FROM [dbo].[Course]", "success": true, "execution_time": 0.009, "row_count": 12, "error": null}
{"timestamp": "2025-10-18T03:14:44.820548", "session_id": "2abd35ae-3c72-4719-ad83-dbfad54c0e06", "database": "master", "query": "-- Write your SQL query here\nSELECT @@VERSION AS [SQL Server Version]", "success": true, "execution_time": 0.005, "row_count": 1, "error": null}
{"timestamp": "2025-10-18T03:14:48.247465", "session_id": "b21fe214-37f9-4f41-90bc-85e6bcb19d4a", "database": "master", "query": "-- Write your SQL query here\nSELECT @@VERSION AS [SQL Server Version]", "success": true, "execution_time": 0.013, "row_count": 1, "error": null}
{"timestamp": "2025-10-18T03:14:51.606585", "session_id": "44bd45db-1883-40e2-8099-a1db1bfe2b92", "database": "ITI", "query": "SELECT * FROM [dbo].[Course]", "success": true, "execution_time": 0.005, "row_count": 12, "error": null}
{"timestamp": "2025-10-18T03:14:52.778269", "session_id": "29ec2fde-f731-4571-aac3-4dd5a8318484", "database": "ITI", "query": "SELECT * FROM [dbo].[Course]", "success": true, "execution_time": 0.004, "row_count": 12, "error": null}
{"timestamp": "2025-10-18T03:14:53.324333", "session_id": "45d033cb-737a-4195-ab1d-45a73edb2ef9", "database": "ITI", "query": "SELECT * FROM [dbo].[Course]", "success": true, "execution_time": 0.005, "row_count": 12, "error": null}
{"timestamp": "2025-10-18T03:14:56.399661", "session_id": "d3912b55-d539-452e-8b87-6403ea1c7c44", "database": "ITI", "query": "SELECT * FROM [dbo].[Course][dbo].[AWBuildVersion]", "success": false, "execution_time": 0.024, "row_count": 0, "error": "('42000', \"[42000] [Microsoft][ODBC Driver 17 for SQL Server][SQL Server]Incorrect syntax near '.'. (102) (SQLExecDirectW)\")"}
{"timestamp": "2025-10-18T03:15:02.415752", "session_id": "03d05409-c418-4790-b740-f434c9df54b6", "database": "AdventureWorks2022", "query": "SELECT * FROM [dbo].[AWBuildVersion]", "success": true, "execution_time": 0.05, "row_count": 1, "error": null}
{"timestamp": "2025-10-18T03:28:13.871054", "session_id": "98fba04d-b30c-4fb2-92c1-ef192d2b5e48", "database": "master", "query": "-- Write your SQL query here\nSELECT @@VERSION AS [SQL Server Version]", "success": true, "execution_time": 0.048, "row_count": 1, "error": null}
{"timestamp": "2025-10-18T03:28:34.341142", "session_id": "98fba04d-b30c-4fb2-92c1-ef192d2b5e48", "database": "master", "query": "SELECT * [HumanResources].[Department]-- Write your SQL query here\n", "success": false, "execution_time": 0.072, "row_count": 0, "error": "('42000', \"[42000] [Microsoft][ODBC Driver 17 for SQL Server][SQL Server]Incorrect syntax near 'HumanResources'. (102) (SQLExecDirectW)\")"}
{"timestamp": "2025-10-18T03:28:41.427562", "session_id": "98fba04d-b30c-4fb2-92c1-ef192d2b5e48", "database": "AdventureWorks2022", "query": "SELECT * [HumanResources].[Department]\n", "success": false, "execution_time": 0.015, "row_count": 0, "error": "('42000', \"[42000] [Microsoft][ODBC Driver 17 for SQL Server][SQL Server]Incorrect syntax near 'HumanResources'. (102) (SQLExecDirectW)\")"}
{"timestamp": "2025-10-18T03:28:51.289778", "session_id": "98fba04d-b30c-4fb2-92c1-ef192d2b5e48", "database": "AdventureWorks2022", "query": "SELECT * FROM [HumanResources].[Department]\n", "success": true, "execution_time": 0.024, "row_count": 16, "error": null}
{"timestamp": "2025-10-18T03:29:11.876328", "session_id": "98fba04d-b30c-4fb2-92c1-ef192d2b5e48", "database": "AdventureWorks2022", "query": "SELECT * FROM [dbo].[Author_Dim]\n", "success": false, "execution_time": 0.052, "row_count": 0, "error": "('42S02', \"[42S02] [Microsoft][ODBC Driver 17 for SQL Server][SQL Server]Invalid object name 'dbo.Author_Dim'. (208) (SQLExecDirectW)\")"}
{"timestamp": "2025-10-18T03:29:21.735746", "session_id": "98fba04d-b30c-4fb2-92c1-ef192d2b5e48", "database": "AdventureWorks2022", "query": "SELECT * FROM [dbo].[Author_Dim]\n", "success": false, "execution_time": 0.037, "row_count": 0, "error": "('42S02', \"[42S02] [Microsoft][ODBC Driver 17 for SQL Server][SQL Server]Invalid object name 'dbo.Author_Dim'. (208) (SQLExecDirectW)\")"}
{"timestamp": "2025-10-18T03:29:23.175390", "session_id": "98fba04d-b30c-4fb2-92c1-ef192d2b5e48", "database": "BookSalesDataWarehouse", "query": "SELECT * FROM [dbo].[Author_Dim]\n", "success": true, "execution_time": 0.044, "row_count": 0, "error": null}
{"timestamp": "2025-10-18T03:29:26.925181", "session_id": "98fba04d-b30c-4fb2-92c1-ef192d2b5e48", "database": "BookSalesDataWarehouse", "query": "SELECT * FROM [dbo].[Author_Dim]\n", "success": true, "execution_time": 0.025, "row_count": 0, "error": null}
{"timestamp": "2025-10-18T03:29:34.430717", "session_id": "98fba04d-b30c-4fb2-92c1-ef192d2b5e48", "database": "BookSalesDataWarehouse", "query": "SELECT * FROM [dbo].[Category_Dim]\n", "success": true, "execution_time": 0.013, "row_count": 0, "error": null}
{"timestamp": "2025-10-18T03:29:43.509040", "session_id": "98fba04d-b30c-4fb2-92c1-ef192d2b5e48", "database": "sales", "query": "SELECT TOP 100 * FROM [dbo].[CustomerDim]", "success": true, "execution_time": 0.037, "row_count": 4, "error": null}
{"timestamp": "2025-10-18T03:30:07.490556", "session_id": "98fba04d-b30c-4fb2-92c1-ef192d2b5e48", "database": "sales", "query": "CREATE DATABASE test;", "success": false, "execution_time": 0.243, "row_count": 0, "error": "('42000', '[42000] [Microsoft][ODBC Driver 17 for SQL Server][SQL Server]CREATE DATABASE statement not allowed within multi-statement transaction. (226) (SQLExecDirectW)')"}
{"timestamp": "2025-10-18T03:30:47.568274", "session_id": "98fba04d-b30c-4fb2-92c1-ef192d2b5e48", "database": "sales", "query": "CREATE DATABASE TestDB;", "success": false, "execution_time": 0.195, "row_count": 0, "error": "('42000', '[42000] [Microsoft][ODBC Driver 17 for SQL Server][SQL Server]CREATE DATABASE statement not allowed within multi-statement transaction. (226) (SQLExecDirectW)')"}
{"timestamp": "2025-10-18T03:30:57.749061", "session_id": "98fba04d-b30c-4fb2-92c1-ef192d2b5e48", "database": "sales", "query": "USE master;", "success": true, "execution_time": 0.079, "row_count": -1, "error": null}
{"timestamp": "2025-10-18T03:31:08.763248", "session_id": "98fba04d-b30c-4fb2-92c1-ef192d2b5e48", "database": "sales", "query": "CREATE DATABASE TestDB;", "success": false, "execution_time": 0.011, "row_count": 0, "error": "('42000', '[42000] [Microsoft][ODBC Driver 17 for SQL Server][SQL Server]CREATE DATABASE statement not allowed within multi-statement transaction. (226) (SQLExecDirectW)')"}
{"timestamp": "2025-10-18T03:31:19.199548", "session_id": "98fba04d-b30c-4fb2-92c1-ef192d2b5e48", "database": "master", "query": "CREATE DATABASE TestDB;", "success": false, "execution_time": 0.009, "row_count": 0, "error": "('42000', '[42000] [Microsoft][ODBC Driver 17 for SQL Server][SQL Server]CREATE DATABASE statement not allowed within multi-statement transaction. (226) (SQLExecDirectW)')"}
{"timestamp": "2025-10-18T03:33:01.747110", "session_id": "98fba04d-b30c-4fb2-92c1-ef192d2b5e48", "database": "master", "query": "CREATE DATABASE TestDB;", "success": true, "execution_time": 1.936, "row_count": -1, "error": null}
{"timestamp": "2025-10-18T03:33:21.316100", "session_id": "98fba04d-b30c-4fb2-92c1-ef192d2b5e48", "database": "TestDB", "query": "DROP DATABASE TestDB;", "success": false, "execution_time": 0.023, "row_count": 0, "error": "('42000', '[42000] [Microsoft][ODBC Driver 17 for SQL Server][SQL Server]Cannot drop database \"TestDB\" because it is currently in use. (3702) (SQLExecDirectW)')"}
{"timestamp": "2025-10-18T03:33:50.869150", "session_id": "98fba04d-b30c-4fb2-92c1-ef192d2b5e48", "database": "TantaUniversity_ThesisDB", "query": "DROP DATABASE TestDB;", "success": false, "execution_time": 20.04, "row_count": 0, "error": "('42000', '[42000] [Microsoft][ODBC Driver 17 for SQL Server][SQL Server]Cannot drop database \"TestDB\" because it is currently in use. (3702) (SQLExecDirectW)')"}
{"timestamp": "2025-10-18T03:33:58.952682", "session_id": "98fba04d-b30c-4fb2-92c1-ef192d2b5e48", "database": "TantaUniversity_ThesisDB", "query": "SELECT TOP 100 * FROM [dbo].[Students]", "success": true, "execution_time": 0.038, "row_count": 8, "error": null}
{"timestamp": "2025-10-18T03:34:30.096097", "session_id": "98fba04d-b30c-4fb2-92c1-ef192d2b5e48", "database": "Test", "query": "DROP DATABASE TestDB;", "success": true, "execution_time": 16.699, "row_count": -1, "error": null}
{"timestamp": "2025-10-18T03:35:22.199002", "session_id": "98fba04d-b30c-4fb2-92c1-ef192d2b5e48", "database": "master", "query": "-- Write your SQL query here\nSELECT @@VERSION AS [SQL Server Version]", "success": true, "execution_time": 0.007, "row_count": 1, "error": null}
{"timestamp": "2025-10-18T03:43:09.575944", "session_id": "98fba04d-b30c-4fb2-92c1-ef192d2b5e48", "database": "master", "query": "-- Write your SQL query here\nSELECT @@VERSION AS [SQL Server Version]", "success": true, "execution_time": 0.336, "row_count": 1, "error": null}
{"timestamp": "2025-10-18T03:43:44.046157", "session_id": "98fba04d-b30c-4fb2-92c1-ef192d2b5e48", "database": "master", "query": "-- Write your SQL query here\nSELECT @@VERSION AS [SQL Server Version]", "success": true, "execution_time": 0.037, "row_count": 1, "error": null}
{"timestamp": "2025-10-18T03:44:16.817505", "session_id": "98fba04d-b30c-4fb2-92c1-ef192d2b5e48", "database": "master", "query": "SELECT 1 AS Test", "success": true, "execution_time": 0.012, "row_count": 1, "error": null}
{"timestamp": "2025-10-18T03:44:29.258698", "session_id": "98fba04d-b30c-4fb2-92c1-ef192d2b5e48", "database": "master", "query": "-- Write your SQL query here\nSELECT @@VERSION AS [SQL Server Version]", "success": true, "execution_time": 0.006, "row_count": 1, "error": null}
{"timestamp": "2025-10-18T03:44:29.857448", "session_id": "98fba04d-b30c-4fb2-92c1-ef192d2b5e48", "database": "master", "query": "-- Write your SQL query here\nSELECT @@VERSION AS [SQL Server Version]", "success": true, "execution_time": 0.019, "row_count": 1, "error": null}
{"timestamp": "2025-10-18T03:44:30.288692", "session_id": "98fba04d-b30c-4fb2-92c1-ef192d2b5e48", "database": "master", "query": "-- Write your SQL query here\nSELECT @@VERSION AS [SQL Server Version]", "success": true, "execution_time": 0.007, "row_count": 1, "error": null}
{"timestamp": "2025-10-18T03:44:30.514551", "session_id": "98fba04d-b30c-4fb2-92c1-ef192d2b5e48", "database": "master", "query": "-- Write your SQL query here\nSELECT @@VERSION AS [SQL Server Version]", "success": true, "execution_time": 0.007, "row_count": 1, "error": null}
{"timestamp": "2025-10-18T03:44:30.716067", "session_id": "98fba04d-b30c-4fb2-92c1-ef192d2b5e48", "database": "master", "query": "-- Write your SQL query here\nSELECT @@VERSION AS [SQL Server Version]", "success": true, "execution_time": 0.007, "row_count": 1, "error": null}
{"timestamp": "2025-10-18T03:44:30.855969", "session_id": "98fba04d-b30c-4fb2-92c1-ef192d2b5e48", "database": "master", "query": "-- Write your SQL query here\nSELECT @@VERSION AS [SQL Server Version]", "success": true, "execution_time": 0.006, "row_count": 1, "error": null}
{"timestamp": "2025-10-18T12:46:40.702963", "session_id": "98fba04d-b30c-4fb2-92c1-ef192d2b5e48", "database": "CompanyDB", "query": "SELECT * FROM [dbo].[DEPARTMENT]", "success": true, "execution_time": 0.026, "row_count": 0, "error": null}
{"timestamp": "2025-10-18T12:46:51.565512", "session_id": "98fba04d-b30c-4fb2-92c1-ef192d2b5e48", "database": "CompanyDB", "query": "SELECT * FROM [dbo].[PROJECT]", "success": true, "execution_time": 0.161, "row_count": 0, "error": null}
{"timestamp": "2025-10-18T12:47:19.966723", "session_id": "98fba04d-b30c-4fb2-92c1-ef192d2b5e48", "database": "EduTechOLTP", "query": "SELECT * FROM [dbo].[Courses]", "success": true, "execution_time": 0.04, "row_count": 100, "error": null}
{"timestamp": "2025-10-18T14:10:29.250525", "session_id": "98fba04d-b30c-4fb2-92c1-ef192d2b5e48", "database": "ITI", "query": "SELECT TOP 100 * FROM [dbo].[Course]", "success": true, "execution_time": 0.057, "row_count": 12, "error": null}
{"timestamp": "2025-10-18T14:11:30.546727", "session_id": "98fba04d-b30c-4fb2-92c1-ef192d2b5e48", "database": "ITI", "query": "SELECT [dbo].[Instructor]", "success": false, "execution_time": 0.118, "row_count": 0, "error": "('42000', '[42000] [Microsoft][ODBC Driver 17 for SQL Server][SQL Server]The multi-part identifier \"dbo.Instructor\" could not be bound. (4104) (SQLExecDirectW)')"}
{"timestamp": "2025-10-24T20:23:55.235980", "session_id": "98fba04d-b30c-4fb2-92c1-ef192d2b5e48", "database": "master", "query": "-- Write your SQL query here\nSELECT @@VERSION AS [SQL Server Version]", "success": true, "execution_time": 0.005, "row_count": 1, "error": null}
{"timestamp": "2025-10-24T20:24:43.934955", "session_id": "98fba04d-b30c-4fb2-92c1-ef192d2b5e48", "database": "master", "query": "SELECT * FROM [sandbox_3e94a65e].[dbo].[MyFriends];", "success": true, "execution_time": 0.101, "row_count": 2, "error": null}
{"timestamp": "2025-10-24T20:28:28.158002", "session_id": "98fba04d-b30c-4fb2-92c1-ef192d2b5e48", "database": "master", "query": "-- Write your SQL query here\nSELECT @@VERSION AS [SQL Server Version]", "success": true, "execution_time": 0.015, "row_count": 1, "error": null}
{"timestamp": "2025-10-24T20:46:15.741867", "session_id": "98fba04d-b30c-4fb2-92c1-ef192d2b5e48", "database": "master", "query": "-- Write your SQL query here\nSELECT @@VERSION AS [SQL Server Version]", "success": true, "execution_time": 0.078, "row_count": 1, "error": null}
{"timestamp": "2025-10-24T20:47:50.108791", "session_id": "98fba04d-b30c-4fb2-92c1-ef192d2b5e48", "database": "master", "query": "-- Write your SQL query here\nSELECT @@VERSION AS [SQL Server Version]", "success": true, "execution_time": 0.007, "row_count": 1, "error": null}
{"timestamp": "2025-10-24T21:16:49.200965", "session_id": "98fba04d-b30c-4fb2-92c1-ef192d2b5e48", "database": "master", "query": "-- Write your SQL query here\nSELECT @@VERSION AS [SQL Server Version]", "success": true, "execution_time": 0.04, "row_count": 1, "error": null}
{"timestamp": "2025-10-24T21:21:35.505449", "session_id": "98fba04d-b30c-4fb2-92c1-ef192d2b5e48", "database": "master", "query": "-- Write your SQL query here\nSELECT @@VERSION AS [SQL Server Version]", "success": true, "execution_time": 0.014, "row_count": 1, "error": null}
{"timestamp": "2025-10-24T21:21:49.168111", "session_id": "98fba04d-b30c-4fb2-92c1-ef192d2b5e48", "database": "ReportServerTempDB", "query": "SELECT * FROM dbo.ChunkData", "success": true, "execution_time": 0.011, "row_count": 0, "error": null}
{"timestamp": "2025-10-24T21:21:53.626716", "session_id": "98fba04d-b30c-4fb2-92c1-ef192d2b5e48", "database": "sales", "query": "SELECT * FROM dbo.CustomerDim", "success": true, "execution_time": 0.035, "row_count": 4, "error": null}
{"timestamp": "2025-10-24T21:26:55.524479", "session_id": "98fba04d-b30c-4fb2-92c1-ef192d2b5e48", "database": "SandboxDB_ali_20251024_212622", "query": "-- Write your SQL query here\nSELECT @@VERSION AS [SQL Server Version]", "success": true, "execution_time": 0.007, "row_count": 1, "error": null}
{"timestamp": "2025-10-24T21:32:19.663395", "session_id": "98fba04d-b30c-4fb2-92c1-ef192d2b5e48", "database": "SandboxDB_ali_20251024_212622", "query": "SELECT * FROM dbo.Welcome", "success": true, "execution_time": 0.684, "row_count": 1, "error": null}
{"timestamp": "2025-10-24T21:34:45.590430", "session_id": "98fba04d-b30c-4fb2-92c1-ef192d2b5e48", "database": "SandboxDB_ali_20251024_212622", "query": "CREATE TABLE Students (\n    StudentID INT PRIMARY KEY,\n    FullName VARCHAR(100) NOT NULL,\n    Age INT,\n    Department VARCHAR(50)\n);", "success": true, "execution_time": 0.729, "row_count": -1, "error": null}
{"timestamp": "2025-10-24T21:35:41.445885", "session_id": "98fba04d-b30c-4fb2-92c1-ef192d2b5e48", "database": "SandboxDB_ali_20251024_212622", "query": "SELECT * FROM Students;", "success": true, "execution_time": 0.039, "row_count": 0, "error": null}
{"timestamp": "2025-10-24T21:35:57.535517", "session_id": "98fba04d-b30c-4fb2-92c1-ef192d2b5e48", "database": "SandboxDB_ali_20251024_212622", "query": "SELECT * FROM Students;", "success": true, "execution_time": 0.019, "row_count": 0, "error": null}
{"timestamp": "2025-10-24T21:36:47.138929", "session_id": "98fba04d-b30c-4fb2-92c1-ef192d2b5e48", "database": "SandboxDB_ali_20251024_212622", "query": "INSERT INTO Students (StudentID, FullName, Age, Department)\nVALUES (1, 'Khalid Mohamed Abdelaty', 22, 'Computer Science');\n", "success": true, "execution_time": 0.182, "row_count": 1, "error": null}
{"timestamp": "2025-10-24T21:45:52.608070", "session_id": "98fba04d-b30c-4fb2-92c1-ef192d2b5e48", "database": "SandboxDB_ali_20251024_212622", "query": "SELECT * FROM Students;", "success": true, "execution_time": 0.091, "row_count": 1, "error": null}
{"timestamp": "2025-10-24T21:46:03.050747", "session_id": "98fba04d-b30c-4fb2-92c1-ef192d2b5e48", "database": "SandboxDB_ali_20251024_212622", "query": "SELECT * FROM Students;", "success": true, "execution_time": 0.021, "row_count": 1, "error": null}
{"timestamp": "2025-10-24T21:46:03.274271", "session_id": "98fba04d-b30c-4fb2-92c1-ef192d2b5e48", "database": "SandboxDB_ali_20251024_212622", "query": "SELECT * FROM Students;", "success": true, "execution_time": 0.005, "row_count": 1, "error": null}
{"timestamp": "2025-10-24T21:46:03.477558", "session_id": "98fba04d-b30c-4fb2-92c1-ef192d2b5e48", "database": "SandboxDB_ali_20251024_212622", "query": "SELECT * FROM Students;", "success": true, "execution_time": 0.009, "row_count": 1, "error": null}
{"timestamp": "2025-10-24T21:46:03.692236", "session_id": "98fba04d-b30c-4fb2-92c1-ef192d2b5e48", "database": "SandboxDB_ali_20251024_212622", "query": "SELECT * FROM Students;", "success": true, "execution_time": 0.046, "row_count": 1, "error": null}
{"timestamp": "2025-10-24T21:46:03.991896", "session_id": "98fba04d-b30c-4fb2-92c1-ef192d2b5e48", "database": "SandboxDB_ali_20251024_212622", "query": "SELECT * FROM Students;", "success": true, "execution_time": 0.068, "row_count": 1, "error": null}
{"timestamp": "2025-10-24T21:53:51.915497", "session_id": "98fba04d-b30c-4fb2-92c1-ef192d2b5e48", "database": "SandboxDB_ali_20251024_212622", "query": "-- Write your SQL query here\nSELECT @@VERSION AS [SQL Server Version]", "success": true, "execution_time": 0.01, "row_count": 1, "error": null}
{"timestamp": "2025-10-24T21:54:33.802028", "session_id": "98fba04d-b30c-4fb2-92c1-ef192d2b5e48", "database": "SandboxDB_ali_20251024_212622", "query": "CREATE TABLE Courses (\n    CourseID INT PRIMARY KEY,\n    CourseName VARCHAR(100) NOT NULL,\n    Credits INT,\n    Department VARCHAR(50)\n);\n", "success": true, "execution_time": 0.044, "row_count": -1, "error": null}
{"timestamp": "2025-10-24T21:54:49.618248", "session_id": "98fba04d-b30c-4fb2-92c1-ef192d2b5e48", "database": "SandboxDB_ali_20251024_212622", "query": "INSERT INTO Courses (CourseID, CourseName, Credits, Department)\nVALUES\n(101, 'Database Systems', 3, 'Computer Science'),\n(102, 'Data Structures', 4, 'Computer Science'),\n(103, 'Machine Learning', 3, 'Artificial Intelligence'),\n(104, 'Statistics for Data Science', 2, 'Data Science');\n", "success": true, "execution_time": 0.024, "row_count": 4, "error": null}
{"timestamp": "2025-10-24T21:54:57.996807", "session_id": "98fba04d-b30c-4fb2-92c1-ef192d2b5e48", "database": "SandboxDB_ali_20251024_212622", "query": "[SandboxDB_ali_20251024_212622].[dbo].[Courses]", "success": false, "execution_time": 0.053, "row_count": 0, "error": "('42000', \"[42000] [Microsoft][ODBC Driver 17 for SQL Server][SQL Server]The request for procedure 'Courses' failed because 'Courses' is a table object. (2809) (SQLExecDirectW)\")"}
{"timestamp": "2025-10-24T21:55:12.605005", "session_id": "98fba04d-b30c-4fb2-92c1-ef192d2b5e48", "database": "master", "query": "-- Write your SQL query here\nSELECT @@VERSION AS [SQL Server Version]", "success": true, "execution_time": 0.004, "row_count": 1, "error": null}
{"timestamp": "2025-10-24T21:55:17.739440", "session_id": "98fba04d-b30c-4fb2-92c1-ef192d2b5e48", "database": "SandboxDB_ali_20251024_212622", "query": "SELECT* FROM [SandboxDB_ali_20251024_212622].[dbo].[Courses]", "success": true, "execution_time": 0.054, "row_count": 4, "error": null}
{"timestamp": "2025-10-24T21:55:20.091662", "session_id": "98fba04d-b30c-4fb2-92c1-ef192d2b5e48", "database": "SandboxDB_ali_20251024_212622", "query": "SELECT* FROM [SandboxDB_ali_20251024_212622].[dbo].[Courses]", "success": true, "execution_time": 0.018, "row_count": 4, "error": null}
{"timestamp": "2025-10-24T22:03:37.764656", "session_id": "98fba04d-b30c-4fb2-92c1-ef192d2b5e48", "database": "SandboxDB_ali_20251024_212622", "query": "-- Write your SQL query here\nSELECT @@VERSION AS [SQL Server Version]", "success": true, "execution_time": 0.016, "row_count": 1, "error": null}
{"timestamp": "2025-10-24T22:03:49.210683", "session_id": "98fba04d-b30c-4fb2-92c1-ef192d2b5e48", "database": "master", "query": "SELECT* FROM [SandboxDB_ali_20251024_212622].[dbo].[Courses]", "success": true, "execution_time": 0.386, "row_count": 4, "error": null}
{"timestamp": "2025-10-24T22:03:51.571552", "session_id": "98fba04d-b30c-4fb2-92c1-ef192d2b5e48", "database": "SandboxDB_ali_20251024_212622", "query": "SELECT* FROM [SandboxDB_ali_20251024_212622].[dbo].[Courses]", "success": true, "execution_time": 0.019, "row_count": 4, "error": null}
{"timestamp": "2025-10-24T22:04:04.832868", "session_id": "98fba04d-b30c-4fb2-92c1-ef192d2b5e48", "database": "SandboxDB_ali_20251024_212622", "query": "SELECT* FROM [SandboxDB_ali_20251024_212622].[dbo].[Students]", "success": true, "execution_time": 0.383, "row_count": 1, "error": null}
{"timestamp": "2025-10-24T22:06:00.298156", "session_id": "98fba04d-b30c-4fb2-92c1-ef192d2b5e48", "database": "AdventureWorks2022", "query": "-- Write your SQL query here\nSELECT @@VERSION AS [SQL Server Version]", "success": true, "execution_time": 0.007, "row_count": 1, "error": null}
{"timestamp": "2025-10-24T22:07:03.913369", "session_id": "98fba04d-b30c-4fb2-92c1-ef192d2b5e48", "database": "AdventureWorks2022", "query": "SELECT * FROM [TantaUniversity_ThesisDB].[dbo].[Students]", "success": true, "execution_time": 0.013, "row_count": 8, "error": null}
